<?xml version="1.0" encoding="UTF-8"?>
<!-- Generated by org.testng.reporters.JUnitReportReporter -->
<testsuite skipped="0" hostname="LAP-SSURADKAR1" name="com.qa.techlift.test.ItemTest" tests="1" failures="0" timestamp="2020-11-02T17:35:10 IST" time="9.281" errors="0">
  <testcase name="verifyNewItemCreation" time="9.281" classname="com.qa.techlift.test.ItemTest"/>
  <system-out/>
</testsuite> <!-- com.qa.techlift.test.ItemTest -->
