<?xml version="1.0" encoding="UTF-8"?>
<!-- Generated by org.testng.reporters.JUnitReportReporter -->
<testsuite skipped="0" hostname="LAP-SSURADKAR1" name="com.qa.techlift.test.HomeTest" tests="2" failures="0" timestamp="2020-11-02T17:35:10 IST" time="0.391" errors="0">
  <testcase name="verifyHomePageTitle" time="0.336" classname="com.qa.techlift.test.HomeTest"/>
  <system-out/>
  <testcase name="verifyCopyRight" time="0.055" classname="com.qa.techlift.test.HomeTest"/>
  <system-out/>
</testsuite> <!-- com.qa.techlift.test.HomeTest -->
